# JRE version: OpenJDK Runtime Environment Microsoft-8035246 (17.0.8+7) (build 17.0.8+7-LTS)
# Java VM: OpenJDK 64-Bit Server VM Microsoft-8035246 (17.0.8+7-LTS, mixed mode, tiered, compressed oops, compressed class ptrs, g1 gc, linux-amd64)
GC Precious Log:
 CPUs: 12 total, 12 available
 Memory: 15838M
 Large Page Support: Disabled
 NUMA Support: Disabled
 Compressed Oops: Enabled (Zero based)
 Heap Region Size: 32M
 Heap Min Capacity: 32M
 Heap Initial Capacity: 256M
 Heap Max Capacity: 6656M
 Pre-touch: Disabled
 Parallel Workers: 10
 Concurrent Workers: 3
 Concurrent Refinement Workers: 10
 Periodic GC: Disabled
Heap:
 garbage-first heap   total 2457600K, used 1393738K [0x0000000660000000, 0x0000000800000000)
  region size 32768K, 5 young (163840K), 1 survivors (32768K)
 Metaspace       used 298443K, committed 300608K, reserved 1310720K
  class space    used 49073K, committed 50048K, reserved 1048576K
GC Heap History (20 events):
Event: 1078.523 GC heap before
{Heap before GC invocations=438 (full 0):
 garbage-first heap   total 2457600K, used 1898986K [0x0000000660000000, 0x0000000800000000)
  region size 32768K, 20 young (655360K), 1 survivors (32768K)
 Metaspace       used 298002K, committed 300224K, reserved 1310720K
  class space    used 48992K, committed 49984K, reserved 1048576K
}
Event: 1078.529 GC heap after
{Heap after GC invocations=439 (full 0):
 garbage-first heap   total 2457600K, used 1276646K [0x0000000660000000, 0x0000000800000000)
  region size 32768K, 1 young (32768K), 1 survivors (32768K)
 Metaspace       used 298002K, committed 300224K, reserved 1310720K
  class space    used 48992K, committed 49984K, reserved 1048576K
}
Event: 1082.099 GC heap before
{Heap before GC invocations=439 (full 0):
 garbage-first heap   total 2457600K, used 1899238K [0x0000000660000000, 0x0000000800000000)
  region size 32768K, 20 young (655360K), 1 survivors (32768K)
 Metaspace       used 298002K, committed 300224K, reserved 1310720K
  class space    used 48992K, committed 49984K, reserved 1048576K
}
Event: 1082.101 GC heap after
{Heap after GC invocations=440 (full 0):
 garbage-first heap   total 2457600K, used 1276680K [0x0000000660000000, 0x0000000800000000)
  region size 32768K, 1 young (32768K), 1 survivors (32768K)
 Metaspace       used 298002K, committed 300224K, reserved 1310720K
  class space    used 48992K, committed 49984K, reserved 1048576K
}
Event: 1085.603 GC heap before
{Heap before GC invocations=441 (full 0):
 garbage-first heap   total 2457600K, used 1899272K [0x0000000660000000, 0x0000000800000000)
  region size 32768K, 20 young (655360K), 1 survivors (32768K)
 Metaspace       used 298005K, committed 300224K, reserved 1310720K
  class space    used 48992K, committed 49984K, reserved 1048576K
}
Event: 1085.604 GC heap after
{Heap after GC invocations=442 (full 0):
 garbage-first heap   total 2457600K, used 1276828K [0x0000000660000000, 0x0000000800000000)
  region size 32768K, 1 young (32768K), 1 survivors (32768K)
 Metaspace       used 298005K, committed 300224K, reserved 1310720K
  class space    used 48992K, committed 49984K, reserved 1048576K
}
Event: 1089.098 GC heap before
{Heap before GC invocations=442 (full 0):
 garbage-first heap   total 2457600K, used 1899420K [0x0000000660000000, 0x0000000800000000)
  region size 32768K, 20 young (655360K), 1 survivors (32768K)
 Metaspace       used 298007K, committed 300224K, reserved 1310720K
  class space    used 48992K, committed 49984K, reserved 1048576K
}
Event: 1089.101 GC heap after
{Heap after GC invocations=443 (full 0):
 garbage-first heap   total 2457600K, used 1276887K [0x0000000660000000, 0x0000000800000000)
  region size 32768K, 1 young (32768K), 1 survivors (32768K)
 Metaspace       used 298007K, committed 300224K, reserved 1310720K
  class space    used 48992K, committed 49984K, reserved 1048576K
}
Event: 1092.944 GC heap before
{Heap before GC invocations=444 (full 0):
 garbage-first heap   total 2457600K, used 1899479K [0x0000000660000000, 0x0000000800000000)
  region size 32768K, 20 young (655360K), 1 survivors (32768K)
 Metaspace       used 298017K, committed 300224K, reserved 1310720K
  class space    used 48995K, committed 49984K, reserved 1048576K
}
Event: 1092.946 GC heap after
{Heap after GC invocations=445 (full 0):
 garbage-first heap   total 2457600K, used 1277070K [0x0000000660000000, 0x0000000800000000)
  region size 32768K, 1 young (32768K), 1 survivors (32768K)
 Metaspace       used 298017K, committed 300224K, reserved 1310720K
  class space    used 48995K, committed 49984K, reserved 1048576K
}
Event: 1095.659 GC heap before
{Heap before GC invocations=445 (full 0):
 garbage-first heap   total 2457600K, used 1899662K [0x0000000660000000, 0x0000000800000000)
  region size 32768K, 20 young (655360K), 1 survivors (32768K)
 Metaspace       used 298022K, committed 300224K, reserved 1310720K
  class space    used 48995K, committed 49984K, reserved 1048576K
}
Event: 1095.660 GC heap after
{Heap after GC invocations=446 (full 0):
 garbage-first heap   total 2457600K, used 1277110K [0x0000000660000000, 0x0000000800000000)
  region size 32768K, 1 young (32768K), 1 survivors (32768K)
 Metaspace       used 298022K, committed 300224K, reserved 1310720K
  class space    used 48995K, committed 49984K, reserved 1048576K
}
Event: 1098.896 GC heap before
{Heap before GC invocations=447 (full 0):
 garbage-first heap   total 2457600K, used 1899702K [0x0000000660000000, 0x0000000800000000)
  region size 32768K, 20 young (655360K), 1 survivors (32768K)
 Metaspace       used 298022K, committed 300224K, reserved 1310720K
  class space    used 48995K, committed 49984K, reserved 1048576K
}
Event: 1098.897 GC heap after
{Heap after GC invocations=448 (full 0):
 garbage-first heap   total 2457600K, used 1279619K [0x0000000660000000, 0x0000000800000000)
  region size 32768K, 1 young (32768K), 1 survivors (32768K)
 Metaspace       used 298022K, committed 300224K, reserved 1310720K
  class space    used 48995K, committed 49984K, reserved 1048576K
}
Event: 1102.099 GC heap before
{Heap before GC invocations=448 (full 0):
 garbage-first heap   total 2457600K, used 1902211K [0x0000000660000000, 0x0000000800000000)
  region size 32768K, 20 young (655360K), 1 survivors (32768K)
 Metaspace       used 298022K, committed 300224K, reserved 1310720K
  class space    used 48995K, committed 49984K, reserved 1048576K
}
Event: 1102.106 GC heap after
{Heap after GC invocations=449 (full 0):
 garbage-first heap   total 2457600K, used 1277514K [0x0000000660000000, 0x0000000800000000)
  region size 32768K, 1 young (32768K), 1 survivors (32768K)
 Metaspace       used 298022K, committed 300224K, reserved 1310720K
  class space    used 48995K, committed 49984K, reserved 1048576K
}
Event: 1105.432 GC heap before
{Heap before GC invocations=450 (full 0):
 garbage-first heap   total 2457600K, used 1900106K [0x0000000660000000, 0x0000000800000000)
  region size 32768K, 20 young (655360K), 1 survivors (32768K)
 Metaspace       used 298022K, committed 300224K, reserved 1310720K
  class space    used 48995K, committed 49984K, reserved 1048576K
}
Event: 1105.434 GC heap after
{Heap after GC invocations=451 (full 0):
 garbage-first heap   total 2457600K, used 1277506K [0x0000000660000000, 0x0000000800000000)
  region size 32768K, 1 young (32768K), 1 survivors (32768K)
 Metaspace       used 298022K, committed 300224K, reserved 1310720K
  class space    used 48995K, committed 49984K, reserved 1048576K
}
Event: 1107.969 GC heap before
{Heap before GC invocations=451 (full 0):
 garbage-first heap   total 2457600K, used 1900098K [0x0000000660000000, 0x0000000800000000)
  region size 32768K, 20 young (655360K), 1 survivors (32768K)
 Metaspace       used 298287K, committed 300480K, reserved 1310720K
  class space    used 49043K, committed 50048K, reserved 1048576K
}
Event: 1107.974 GC heap after
{Heap after GC invocations=452 (full 0):
 garbage-first heap   total 2457600K, used 1295434K [0x0000000660000000, 0x0000000800000000)
  region size 32768K, 1 young (32768K), 1 survivors (32768K)
 Metaspace       used 298287K, committed 300480K, reserved 1310720K
  class space    used 49043K, committed 50048K, reserved 1048576K
}

