# JRE version: OpenJDK Runtime Environment Microsoft-8035246 (17.0.8+7) (build 17.0.8+7-LTS)
# Java VM: OpenJDK 64-Bit Server VM Microsoft-8035246 (17.0.8+7-LTS, mixed mode, tiered, compressed oops, compressed class ptrs, g1 gc, linux-amd64)
GC Precious Log:
 CPUs: 12 total, 12 available
 Memory: 15838M
 Large Page Support: Disabled
 NUMA Support: Disabled
 Compressed Oops: Enabled (Zero based)
 Heap Region Size: 32M
 Heap Min Capacity: 32M
 Heap Initial Capacity: 256M
 Heap Max Capacity: 6656M
 Pre-touch: Disabled
 Parallel Workers: 10
 Concurrent Workers: 3
 Concurrent Refinement Workers: 10
 Periodic GC: Disabled
Heap:
 garbage-first heap   total 2621440K, used 1781495K [0x0000000660000000, 0x0000000800000000)
  region size 32768K, 18 young (589824K), 1 survivors (32768K)
 Metaspace       used 297250K, committed 299392K, reserved 1310720K
  class space    used 48976K, committed 49920K, reserved 1048576K
GC Heap History (20 events):
Event: 378.895 GC heap before
{Heap before GC invocations=160 (full 0):
 garbage-first heap   total 2621440K, used 2009023K [0x0000000660000000, 0x0000000800000000)
  region size 32768K, 23 young (753664K), 1 survivors (32768K)
 Metaspace       used 296721K, committed 298944K, reserved 1310720K
  class space    used 48888K, committed 49856K, reserved 1048576K
}
Event: 378.903 GC heap after
{Heap after GC invocations=161 (full 0):
 garbage-first heap   total 2621440K, used 1288428K [0x0000000660000000, 0x0000000800000000)
  region size 32768K, 1 young (32768K), 1 survivors (32768K)
 Metaspace       used 296721K, committed 298944K, reserved 1310720K
  class space    used 48888K, committed 49856K, reserved 1048576K
}
Event: 384.102 GC heap before
{Heap before GC invocations=161 (full 0):
 garbage-first heap   total 2621440K, used 2009324K [0x0000000660000000, 0x0000000800000000)
  region size 32768K, 23 young (753664K), 1 survivors (32768K)
 Metaspace       used 296727K, committed 298944K, reserved 1310720K
  class space    used 48888K, committed 49856K, reserved 1048576K
}
Event: 384.107 GC heap after
{Heap after GC invocations=162 (full 0):
 garbage-first heap   total 2621440K, used 1288695K [0x0000000660000000, 0x0000000800000000)
  region size 32768K, 1 young (32768K), 1 survivors (32768K)
 Metaspace       used 296727K, committed 298944K, reserved 1310720K
  class space    used 48888K, committed 49856K, reserved 1048576K
}
Event: 389.274 GC heap before
{Heap before GC invocations=163 (full 0):
 garbage-first heap   total 2621440K, used 2009591K [0x0000000660000000, 0x0000000800000000)
  region size 32768K, 23 young (753664K), 1 survivors (32768K)
 Metaspace       used 296738K, committed 298944K, reserved 1310720K
  class space    used 48891K, committed 49856K, reserved 1048576K
}
Event: 389.278 GC heap after
{Heap after GC invocations=164 (full 0):
 garbage-first heap   total 2621440K, used 1289057K [0x0000000660000000, 0x0000000800000000)
  region size 32768K, 1 young (32768K), 1 survivors (32768K)
 Metaspace       used 296738K, committed 298944K, reserved 1310720K
  class space    used 48891K, committed 49856K, reserved 1048576K
}
Event: 394.527 GC heap before
{Heap before GC invocations=164 (full 0):
 garbage-first heap   total 2621440K, used 2009953K [0x0000000660000000, 0x0000000800000000)
  region size 32768K, 23 young (753664K), 1 survivors (32768K)
 Metaspace       used 296744K, committed 298944K, reserved 1310720K
  class space    used 48891K, committed 49856K, reserved 1048576K
}
Event: 394.529 GC heap after
{Heap after GC invocations=165 (full 0):
 garbage-first heap   total 2621440K, used 1289121K [0x0000000660000000, 0x0000000800000000)
  region size 32768K, 1 young (32768K), 1 survivors (32768K)
 Metaspace       used 296744K, committed 298944K, reserved 1310720K
  class space    used 48891K, committed 49856K, reserved 1048576K
}
Event: 399.847 GC heap before
{Heap before GC invocations=166 (full 0):
 garbage-first heap   total 2621440K, used 2010017K [0x0000000660000000, 0x0000000800000000)
  region size 32768K, 23 young (753664K), 1 survivors (32768K)
 Metaspace       used 296752K, committed 298944K, reserved 1310720K
  class space    used 48891K, committed 49856K, reserved 1048576K
}
Event: 399.849 GC heap after
{Heap after GC invocations=167 (full 0):
 garbage-first heap   total 2621440K, used 1289165K [0x0000000660000000, 0x0000000800000000)
  region size 32768K, 1 young (32768K), 1 survivors (32768K)
 Metaspace       used 296752K, committed 298944K, reserved 1310720K
  class space    used 48891K, committed 49856K, reserved 1048576K
}
Event: 404.444 GC heap before
{Heap before GC invocations=167 (full 0):
 garbage-first heap   total 2621440K, used 2010061K [0x0000000660000000, 0x0000000800000000)
  region size 32768K, 23 young (753664K), 1 survivors (32768K)
 Metaspace       used 296756K, committed 298944K, reserved 1310720K
  class space    used 48891K, committed 49856K, reserved 1048576K
}
Event: 404.452 GC heap after
{Heap after GC invocations=168 (full 0):
 garbage-first heap   total 2621440K, used 1289618K [0x0000000660000000, 0x0000000800000000)
  region size 32768K, 1 young (32768K), 1 survivors (32768K)
 Metaspace       used 296756K, committed 298944K, reserved 1310720K
  class space    used 48891K, committed 49856K, reserved 1048576K
}
Event: 409.732 GC heap before
{Heap before GC invocations=169 (full 0):
 garbage-first heap   total 2621440K, used 2010514K [0x0000000660000000, 0x0000000800000000)
  region size 32768K, 23 young (753664K), 1 survivors (32768K)
 Metaspace       used 296768K, committed 298944K, reserved 1310720K
  class space    used 48892K, committed 49856K, reserved 1048576K
}
Event: 409.734 GC heap after
{Heap after GC invocations=170 (full 0):
 garbage-first heap   total 2621440K, used 1289319K [0x0000000660000000, 0x0000000800000000)
  region size 32768K, 1 young (32768K), 1 survivors (32768K)
 Metaspace       used 296768K, committed 298944K, reserved 1310720K
  class space    used 48892K, committed 49856K, reserved 1048576K
}
Event: 415.095 GC heap before
{Heap before GC invocations=170 (full 0):
 garbage-first heap   total 2621440K, used 2010215K [0x0000000660000000, 0x0000000800000000)
  region size 32768K, 23 young (753664K), 1 survivors (32768K)
 Metaspace       used 296770K, committed 298944K, reserved 1310720K
  class space    used 48892K, committed 49856K, reserved 1048576K
}
Event: 415.098 GC heap after
{Heap after GC invocations=171 (full 0):
 garbage-first heap   total 2621440K, used 1289291K [0x0000000660000000, 0x0000000800000000)
  region size 32768K, 1 young (32768K), 1 survivors (32768K)
 Metaspace       used 296770K, committed 298944K, reserved 1310720K
  class space    used 48892K, committed 49856K, reserved 1048576K
}
Event: 420.482 GC heap before
{Heap before GC invocations=172 (full 0):
 garbage-first heap   total 2621440K, used 2010187K [0x0000000660000000, 0x0000000800000000)
  region size 32768K, 23 young (753664K), 1 survivors (32768K)
 Metaspace       used 296773K, committed 298944K, reserved 1310720K
  class space    used 48892K, committed 49856K, reserved 1048576K
}
Event: 420.484 GC heap after
{Heap after GC invocations=173 (full 0):
 garbage-first heap   total 2621440K, used 1289974K [0x0000000660000000, 0x0000000800000000)
  region size 32768K, 1 young (32768K), 1 survivors (32768K)
 Metaspace       used 296773K, committed 298944K, reserved 1310720K
  class space    used 48892K, committed 49856K, reserved 1048576K
}
Event: 425.779 GC heap before
{Heap before GC invocations=173 (full 0):
 garbage-first heap   total 2621440K, used 2010870K [0x0000000660000000, 0x0000000800000000)
  region size 32768K, 23 young (753664K), 1 survivors (32768K)
 Metaspace       used 296795K, committed 299008K, reserved 1310720K
  class space    used 48898K, committed 49856K, reserved 1048576K
}
Event: 425.781 GC heap after
{Heap after GC invocations=174 (full 0):
 garbage-first heap   total 2621440K, used 1289975K [0x0000000660000000, 0x0000000800000000)
  region size 32768K, 1 young (32768K), 1 survivors (32768K)
 Metaspace       used 296795K, committed 299008K, reserved 1310720K
  class space    used 48898K, committed 49856K, reserved 1048576K
}

